Arguments: 
  /usr/local/Cellar/node/9.2.1/bin/node /usr/local/bin/yarn add react-native-deprecated-custom-components

PATH: 
  /Users/apple/bin/:/usr/local/bin:/usr/bin:/bin:/usr/sbin:/sbin:/usr/local/share/dotnet:/Library/Frameworks/Mono.framework/Versions/Current/Commands:/Applications/Wireshark.app/Contents/MacOS

Yarn version: 
  1.3.2

Node version: 
  9.2.1

Platform: 
  darwin x64

npm manifest: 
  {
    "name": "MyReactNativeProject",
    "version": "0.0.1",
    "private": true,
    "scripts": {
      "start": "node node_modules/react-native/local-cli/cli.js start"
    },
    "dependencies": {
      "react": "16.0.0",
      "react-native": "0.51.0",
    }
  }

yarn manifest: 
  No manifest

Lockfile: 
  No lockfile

Trace: 
  SyntaxError: /Users/apple/Desktop/MyReactNativeProject/package.json: Unexpected token } in JSON at position 241
      at JSON.parse (<anonymous>)
      at /usr/local/lib/node_modules/yarn/lib/cli.js:770:59
      at Generator.next (<anonymous>)
      at step (/usr/local/lib/node_modules/yarn/lib/cli.js:92:30)
      at /usr/local/lib/node_modules/yarn/lib/cli.js:103:13
      at <anonymous>
